  statistics.cpp
  Source.cpp
  Process.cpp
  Planner.cpp
  Generators.cpp
  DeviceIO.cpp
  Generating Code...
  Compiling...
  Queue.cpp
c:\users\łukasz\documents\visual studio 2015\projects\project5\project5\queue.cpp(25): warning C4018: '<': signed/unsigned mismatch
c:\users\łukasz\documents\visual studio 2015\projects\project5\project5\queue.cpp(34): warning C4018: '<': signed/unsigned mismatch
  Processor.cpp
  Event.cpp
  Agenda.cpp
c:\users\łukasz\documents\visual studio 2015\projects\project5\project5\agenda.cpp(35): warning C4018: '<': signed/unsigned mismatch
c:\users\łukasz\documents\visual studio 2015\projects\project5\project5\agenda.cpp(52): warning C4018: '<': signed/unsigned mismatch
c:\users\łukasz\documents\visual studio 2015\projects\project5\project5\agenda.cpp(70): warning C4018: '<': signed/unsigned mismatch
c:\users\łukasz\documents\visual studio 2015\projects\project5\project5\agenda.cpp(78): warning C4018: '<': signed/unsigned mismatch
  Generating Code...
  Project5.vcxproj -> C:\Users\Łukasz\Documents\Visual Studio 2015\Projects\Project5\Debug\Project5.exe
  Project5.vcxproj -> C:\Users\Łukasz\Documents\Visual Studio 2015\Projects\Project5\Debug\Project5.pdb (Partial PDB)
